<?xml version="1.0" encoding="UTF-8"?>
<coverage generated="1767047712904" clover="3.2.0">
  <project timestamp="1767047712905" name="All files">
    <metrics statements="66" coveredstatements="52" conditionals="38" coveredconditionals="28" methods="30" coveredmethods="25" elements="134" coveredelements="105" complexity="0" loc="66" ncloc="66" packages="2" files="4" classes="4"/>
    <package name="components">
      <metrics statements="52" coveredstatements="43" conditionals="34" coveredconditionals="26" methods="26" coveredmethods="23"/>
      <file name="LoginForm.jsx" path="D:\fso\fso\Ecommerce\ui\src\components\LoginForm.jsx">
        <metrics statements="11" coveredstatements="10" conditionals="0" coveredconditionals="0" methods="5" coveredmethods="4"/>
        <line num="1" count="1" type="stmt"/>
        <line num="2" count="4" type="stmt"/>
        <line num="14" count="4" type="stmt"/>
        <line num="22" count="4" type="stmt"/>
        <line num="31" count="4" type="stmt"/>
        <line num="43" count="4" type="stmt"/>
        <line num="47" count="4" type="stmt"/>
        <line num="56" count="14" type="stmt"/>
        <line num="67" count="6" type="stmt"/>
        <line num="76" count="1" type="stmt"/>
        <line num="77" count="0" type="stmt"/>
      </file>
      <file name="ProductForm.jsx" path="D:\fso\fso\Ecommerce\ui\src\components\ProductForm.jsx">
        <metrics statements="30" coveredstatements="24" conditionals="18" coveredconditionals="17" methods="17" coveredmethods="15"/>
        <line num="4" count="1" type="stmt"/>
        <line num="5" count="7" type="stmt"/>
        <line num="7" count="7" type="stmt"/>
        <line num="8" count="7" type="stmt"/>
        <line num="9" count="7" type="stmt"/>
        <line num="10" count="7" type="stmt"/>
        <line num="11" count="0" type="stmt"/>
        <line num="12" count="0" type="stmt"/>
        <line num="14" count="7" type="stmt"/>
        <line num="17" count="7" type="stmt"/>
        <line num="20" count="7" type="stmt"/>
        <line num="32" count="12" type="stmt"/>
        <line num="43" count="12" type="stmt"/>
        <line num="54" count="16" type="stmt"/>
        <line num="62" count="1" type="stmt"/>
        <line num="69" count="0" type="stmt"/>
        <line num="70" count="0" type="stmt"/>
        <line num="71" count="0" type="stmt"/>
        <line num="78" count="1" type="stmt"/>
        <line num="79" count="1" type="stmt"/>
        <line num="81" count="1" type="stmt"/>
        <line num="93" count="1" type="cond" truecount="1" falsecount="1"/>
        <line num="96" count="1" type="stmt"/>
        <line num="99" count="1" type="stmt"/>
        <line num="115" count="3" type="stmt"/>
        <line num="129" count="2" type="stmt"/>
        <line num="143" count="1" type="stmt"/>
        <line num="154" count="1" type="stmt"/>
        <line num="159" count="0" type="stmt"/>
        <line num="173" count="10" type="stmt"/>
      </file>
      <file name="ProductList.jsx" path="D:\fso\fso\Ecommerce\ui\src\components\ProductList.jsx">
        <metrics statements="11" coveredstatements="9" conditionals="16" coveredconditionals="9" methods="4" coveredmethods="4"/>
        <line num="3" count="1" type="stmt"/>
        <line num="5" count="2" type="stmt"/>
        <line num="6" count="1" type="cond" truecount="1" falsecount="1"/>
        <line num="8" count="1" type="stmt"/>
        <line num="9" count="1" type="stmt"/>
        <line num="10" count="1" type="stmt"/>
        <line num="12" count="0" type="stmt"/>
        <line num="13" count="0" type="stmt"/>
        <line num="17" count="2" type="stmt"/>
        <line num="41" count="2" type="stmt"/>
        <line num="95" count="1" type="stmt"/>
      </file>
    </package>
    <package name="services">
      <metrics statements="14" coveredstatements="9" conditionals="4" coveredconditionals="2" methods="4" coveredmethods="2"/>
      <file name="categoryService.js" path="D:\fso\fso\Ecommerce\ui\src\services\categoryService.js">
        <metrics statements="14" coveredstatements="9" conditionals="4" coveredconditionals="2" methods="4" coveredmethods="2"/>
        <line num="3" count="1" type="stmt"/>
        <line num="5" count="1" type="stmt"/>
        <line num="7" count="1" type="stmt"/>
        <line num="8" count="0" type="stmt"/>
        <line num="11" count="7" type="stmt"/>
        <line num="13" count="1" type="stmt"/>
        <line num="14" count="7" type="cond" truecount="2" falsecount="0"/>
        <line num="15" count="7" type="stmt"/>
        <line num="20" count="7" type="stmt"/>
        <line num="21" count="0" type="stmt"/>
        <line num="24" count="1" type="stmt"/>
        <line num="25" count="0" type="stmt"/>
        <line num="30" count="0" type="stmt"/>
        <line num="31" count="0" type="stmt"/>
      </file>
    </package>
  </project>
</coverage>
