{"D:\\fso\\fso\\Ecommerce\\ui\\src\\components\\LoginForm.jsx": {"path":"D:\\fso\\fso\\Ecommerce\\ui\\src\\components\\LoginForm.jsx","statementMap":{"0":{"start":{"line":1,"column":18},"end":{"line":83,"column":null}},"1":{"start":{"line":2,"column":20},"end":{"line":12,"column":null}},"2":{"start":{"line":14,"column":21},"end":{"line":20,"column":null}},"3":{"start":{"line":22,"column":21},"end":{"line":29,"column":null}},"4":{"start":{"line":31,"column":22},"end":{"line":41,"column":null}},"5":{"start":{"line":43,"column":27},"end":{"line":45,"column":null}},"6":{"start":{"line":47,"column":2},"end":{"line":81,"column":null}},"7":{"start":{"line":56,"column":36},"end":{"line":56,"column":null}},"8":{"start":{"line":67,"column":36},"end":{"line":67,"column":null}},"9":{"start":{"line":76,"column":27},"end":{"line":76,"column":null}},"10":{"start":{"line":77,"column":26},"end":{"line":77,"column":null}}},"fnMap":{"0":{"name":"(anonymous_0)","decl":{"start":{"line":1,"column":18},"end":{"line":1,"column":19}},"loc":{"start":{"line":1,"column":79},"end":{"line":83,"column":null}},"line":1},"1":{"name":"(anonymous_1)","decl":{"start":{"line":56,"column":20},"end":{"line":56,"column":21}},"loc":{"start":{"line":56,"column":36},"end":{"line":56,"column":null}},"line":56},"2":{"name":"(anonymous_2)","decl":{"start":{"line":67,"column":20},"end":{"line":67,"column":21}},"loc":{"start":{"line":67,"column":36},"end":{"line":67,"column":null}},"line":67},"3":{"name":"(anonymous_3)","decl":{"start":{"line":76,"column":21},"end":{"line":76,"column":27}},"loc":{"start":{"line":76,"column":27},"end":{"line":76,"column":null}},"line":76},"4":{"name":"(anonymous_4)","decl":{"start":{"line":77,"column":20},"end":{"line":77,"column":26}},"loc":{"start":{"line":77,"column":26},"end":{"line":77,"column":null}},"line":77}},"branchMap":{},"s":{"0":1,"1":4,"2":4,"3":4,"4":4,"5":4,"6":4,"7":14,"8":6,"9":1,"10":0},"f":{"0":4,"1":14,"2":6,"3":1,"4":0},"b":{},"meta":{"lastBranch":0,"lastFunction":5,"lastStatement":11,"seen":{"s:1:18:83:Infinity":0,"f:1:18:1:19":0,"s:2:20:12:Infinity":1,"s:14:21:20:Infinity":2,"s:22:21:29:Infinity":3,"s:31:22:41:Infinity":4,"s:43:27:45:Infinity":5,"s:47:2:81:Infinity":6,"f:56:20:56:21":1,"s:56:36:56:Infinity":7,"f:67:20:67:21":2,"s:67:36:67:Infinity":8,"f:76:21:76:27":3,"s:76:27:76:Infinity":9,"f:77:20:77:26":4,"s:77:26:77:Infinity":10}}}
,"D:\\fso\\fso\\Ecommerce\\ui\\src\\components\\ProductForm.jsx": {"path":"D:\\fso\\fso\\Ecommerce\\ui\\src\\components\\ProductForm.jsx","statementMap":{"0":{"start":{"line":4,"column":20},"end":{"line":186,"column":null}},"1":{"start":{"line":5,"column":34},"end":{"line":5,"column":null}},"2":{"start":{"line":7,"column":2},"end":{"line":18,"column":null}},"3":{"start":{"line":8,"column":28},"end":{"line":16,"column":null}},"4":{"start":{"line":9,"column":6},"end":{"line":15,"column":null}},"5":{"start":{"line":10,"column":20},"end":{"line":10,"column":null}},"6":{"start":{"line":11,"column":8},"end":{"line":11,"column":null}},"7":{"start":{"line":12,"column":8},"end":{"line":12,"column":null}},"8":{"start":{"line":14,"column":8},"end":{"line":14,"column":null}},"9":{"start":{"line":17,"column":4},"end":{"line":17,"column":null}},"10":{"start":{"line":20,"column":2},"end":{"line":184,"column":null}},"11":{"start":{"line":32,"column":12},"end":{"line":32,"column":null}},"12":{"start":{"line":43,"column":12},"end":{"line":43,"column":null}},"13":{"start":{"line":54,"column":12},"end":{"line":54,"column":null}},"14":{"start":{"line":62,"column":10},"end":{"line":86,"column":null}},"15":{"start":{"line":69,"column":38},"end":{"line":69,"column":null}},"16":{"start":{"line":70,"column":16},"end":{"line":70,"column":null}},"17":{"start":{"line":71,"column":16},"end":{"line":71,"column":null}},"18":{"start":{"line":78,"column":38},"end":{"line":80,"column":null}},"19":{"start":{"line":79,"column":28},"end":{"line":79,"column":null}},"20":{"start":{"line":81,"column":16},"end":{"line":81,"column":null}},"21":{"start":{"line":93,"column":34},"end":{"line":95,"column":null}},"22":{"start":{"line":96,"column":12},"end":{"line":98,"column":null}},"23":{"start":{"line":99,"column":12},"end":{"line":99,"column":null}},"24":{"start":{"line":115,"column":14},"end":{"line":115,"column":null}},"25":{"start":{"line":129,"column":14},"end":{"line":129,"column":null}},"26":{"start":{"line":143,"column":12},"end":{"line":143,"column":null}},"27":{"start":{"line":154,"column":12},"end":{"line":154,"column":null}},"28":{"start":{"line":159,"column":12},"end":{"line":161,"column":null}},"29":{"start":{"line":173,"column":12},"end":{"line":173,"column":null}}},"fnMap":{"0":{"name":"(anonymous_0)","decl":{"start":{"line":4,"column":20},"end":{"line":4,"column":21}},"loc":{"start":{"line":4,"column":70},"end":{"line":186,"column":null}},"line":4},"1":{"name":"(anonymous_1)","decl":{"start":{"line":7,"column":12},"end":{"line":7,"column":18}},"loc":{"start":{"line":7,"column":18},"end":{"line":18,"column":5}},"line":7},"2":{"name":"(anonymous_2)","decl":{"start":{"line":8,"column":28},"end":{"line":8,"column":40}},"loc":{"start":{"line":8,"column":40},"end":{"line":16,"column":null}},"line":8},"3":{"name":"(anonymous_3)","decl":{"start":{"line":31,"column":20},"end":{"line":31,"column":21}},"loc":{"start":{"line":32,"column":12},"end":{"line":32,"column":null}},"line":32},"4":{"name":"(anonymous_4)","decl":{"start":{"line":42,"column":20},"end":{"line":42,"column":21}},"loc":{"start":{"line":43,"column":12},"end":{"line":43,"column":null}},"line":43},"5":{"name":"(anonymous_5)","decl":{"start":{"line":53,"column":20},"end":{"line":53,"column":21}},"loc":{"start":{"line":54,"column":12},"end":{"line":54,"column":null}},"line":54},"6":{"name":"(anonymous_6)","decl":{"start":{"line":61,"column":32},"end":{"line":61,"column":33}},"loc":{"start":{"line":62,"column":10},"end":{"line":86,"column":null}},"line":62},"7":{"name":"(anonymous_7)","decl":{"start":{"line":68,"column":24},"end":{"line":68,"column":25}},"loc":{"start":{"line":68,"column":31},"end":{"line":72,"column":null}},"line":68},"8":{"name":"(anonymous_8)","decl":{"start":{"line":77,"column":23},"end":{"line":77,"column":29}},"loc":{"start":{"line":77,"column":29},"end":{"line":82,"column":null}},"line":77},"9":{"name":"(anonymous_9)","decl":{"start":{"line":79,"column":18},"end":{"line":79,"column":19}},"loc":{"start":{"line":79,"column":28},"end":{"line":79,"column":null}},"line":79},"10":{"name":"(anonymous_10)","decl":{"start":{"line":92,"column":19},"end":{"line":92,"column":25}},"loc":{"start":{"line":92,"column":25},"end":{"line":100,"column":null}},"line":92},"11":{"name":"(anonymous_11)","decl":{"start":{"line":114,"column":22},"end":{"line":114,"column":23}},"loc":{"start":{"line":115,"column":14},"end":{"line":115,"column":null}},"line":115},"12":{"name":"(anonymous_12)","decl":{"start":{"line":128,"column":22},"end":{"line":128,"column":23}},"loc":{"start":{"line":129,"column":14},"end":{"line":129,"column":null}},"line":129},"13":{"name":"(anonymous_13)","decl":{"start":{"line":142,"column":20},"end":{"line":142,"column":21}},"loc":{"start":{"line":143,"column":12},"end":{"line":143,"column":null}},"line":143},"14":{"name":"(anonymous_14)","decl":{"start":{"line":153,"column":20},"end":{"line":153,"column":21}},"loc":{"start":{"line":154,"column":12},"end":{"line":154,"column":null}},"line":154},"15":{"name":"(anonymous_15)","decl":{"start":{"line":158,"column":26},"end":{"line":158,"column":27}},"loc":{"start":{"line":159,"column":12},"end":{"line":161,"column":null}},"line":159},"16":{"name":"(anonymous_16)","decl":{"start":{"line":172,"column":20},"end":{"line":172,"column":21}},"loc":{"start":{"line":173,"column":12},"end":{"line":173,"column":null}},"line":173}},"branchMap":{"0":{"loc":{"start":{"line":29,"column":17},"end":{"line":29,"column":null}},"type":"binary-expr","locations":[{"start":{"line":29,"column":17},"end":{"line":29,"column":36}},{"start":{"line":29,"column":36},"end":{"line":29,"column":null}}],"line":29},"1":{"loc":{"start":{"line":40,"column":17},"end":{"line":40,"column":null}},"type":"binary-expr","locations":[{"start":{"line":40,"column":17},"end":{"line":40,"column":36}},{"start":{"line":40,"column":36},"end":{"line":40,"column":null}}],"line":40},"2":{"loc":{"start":{"line":51,"column":17},"end":{"line":51,"column":null}},"type":"binary-expr","locations":[{"start":{"line":51,"column":17},"end":{"line":51,"column":43}},{"start":{"line":51,"column":43},"end":{"line":51,"column":null}}],"line":51},"3":{"loc":{"start":{"line":93,"column":34},"end":{"line":95,"column":null}},"type":"cond-expr","locations":[{"start":{"line":94,"column":16},"end":{"line":94,"column":null}},{"start":{"line":95,"column":16},"end":{"line":95,"column":null}}],"line":93},"4":{"loc":{"start":{"line":112,"column":19},"end":{"line":112,"column":null}},"type":"binary-expr","locations":[{"start":{"line":112,"column":19},"end":{"line":112,"column":39}},{"start":{"line":112,"column":39},"end":{"line":112,"column":null}}],"line":112},"5":{"loc":{"start":{"line":126,"column":19},"end":{"line":126,"column":null}},"type":"binary-expr","locations":[{"start":{"line":126,"column":19},"end":{"line":126,"column":47}},{"start":{"line":126,"column":47},"end":{"line":126,"column":null}}],"line":126},"6":{"loc":{"start":{"line":140,"column":17},"end":{"line":140,"column":null}},"type":"binary-expr","locations":[{"start":{"line":140,"column":17},"end":{"line":140,"column":37}},{"start":{"line":140,"column":37},"end":{"line":140,"column":null}}],"line":140},"7":{"loc":{"start":{"line":152,"column":17},"end":{"line":152,"column":null}},"type":"binary-expr","locations":[{"start":{"line":152,"column":17},"end":{"line":152,"column":40}},{"start":{"line":152,"column":40},"end":{"line":152,"column":null}}],"line":152},"8":{"loc":{"start":{"line":170,"column":17},"end":{"line":170,"column":null}},"type":"binary-expr","locations":[{"start":{"line":170,"column":17},"end":{"line":170,"column":37}},{"start":{"line":170,"column":37},"end":{"line":170,"column":null}}],"line":170}},"s":{"0":1,"1":7,"2":7,"3":7,"4":7,"5":7,"6":0,"7":0,"8":7,"9":7,"10":7,"11":12,"12":12,"13":16,"14":1,"15":0,"16":0,"17":0,"18":1,"19":1,"20":1,"21":1,"22":1,"23":1,"24":3,"25":2,"26":1,"27":1,"28":0,"29":10},"f":{"0":7,"1":7,"2":7,"3":12,"4":12,"5":16,"6":1,"7":0,"8":1,"9":1,"10":1,"11":3,"12":2,"13":1,"14":1,"15":0,"16":10},"b":{"0":[7,7],"1":[7,7],"2":[7,7],"3":[1,0],"4":[7,7],"5":[7,7],"6":[7,7],"7":[7,7],"8":[7,7]},"meta":{"lastBranch":9,"lastFunction":17,"lastStatement":30,"seen":{"s:4:20:186:Infinity":0,"f:4:20:4:21":0,"s:5:34:5:Infinity":1,"s:7:2:18:Infinity":2,"f:7:12:7:18":1,"s:8:28:16:Infinity":3,"f:8:28:8:40":2,"s:9:6:15:Infinity":4,"s:10:20:10:Infinity":5,"s:11:8:11:Infinity":6,"s:12:8:12:Infinity":7,"s:14:8:14:Infinity":8,"s:17:4:17:Infinity":9,"s:20:2:184:Infinity":10,"b:29:17:29:36:29:36:29:Infinity":0,"f:31:20:31:21":3,"s:32:12:32:Infinity":11,"b:40:17:40:36:40:36:40:Infinity":1,"f:42:20:42:21":4,"s:43:12:43:Infinity":12,"b:51:17:51:43:51:43:51:Infinity":2,"f:53:20:53:21":5,"s:54:12:54:Infinity":13,"f:61:32:61:33":6,"s:62:10:86:Infinity":14,"f:68:24:68:25":7,"s:69:38:69:Infinity":15,"s:70:16:70:Infinity":16,"s:71:16:71:Infinity":17,"f:77:23:77:29":8,"s:78:38:80:Infinity":18,"f:79:18:79:19":9,"s:79:28:79:Infinity":19,"s:81:16:81:Infinity":20,"f:92:19:92:25":10,"s:93:34:95:Infinity":21,"b:94:16:94:Infinity:95:16:95:Infinity":3,"s:96:12:98:Infinity":22,"s:99:12:99:Infinity":23,"b:112:19:112:39:112:39:112:Infinity":4,"f:114:22:114:23":11,"s:115:14:115:Infinity":24,"b:126:19:126:47:126:47:126:Infinity":5,"f:128:22:128:23":12,"s:129:14:129:Infinity":25,"b:140:17:140:37:140:37:140:Infinity":6,"f:142:20:142:21":13,"s:143:12:143:Infinity":26,"b:152:17:152:40:152:40:152:Infinity":7,"f:153:20:153:21":14,"s:154:12:154:Infinity":27,"f:158:26:158:27":15,"s:159:12:161:Infinity":28,"b:170:17:170:37:170:37:170:Infinity":8,"f:172:20:172:21":16,"s:173:12:173:Infinity":29}}}
,"D:\\fso\\fso\\Ecommerce\\ui\\src\\components\\ProductList.jsx": {"path":"D:\\fso\\fso\\Ecommerce\\ui\\src\\components\\ProductList.jsx","statementMap":{"0":{"start":{"line":3,"column":26},"end":{"line":108,"column":null}},"1":{"start":{"line":5,"column":23},"end":{"line":15,"column":null}},"2":{"start":{"line":6,"column":4},"end":{"line":6,"column":null}},"3":{"start":{"line":6,"column":74},"end":{"line":6,"column":null}},"4":{"start":{"line":8,"column":4},"end":{"line":14,"column":null}},"5":{"start":{"line":9,"column":6},"end":{"line":9,"column":null}},"6":{"start":{"line":10,"column":6},"end":{"line":10,"column":null}},"7":{"start":{"line":12,"column":6},"end":{"line":12,"column":null}},"8":{"start":{"line":13,"column":6},"end":{"line":13,"column":null}},"9":{"start":{"line":17,"column":2},"end":{"line":106,"column":null}},"10":{"start":{"line":41,"column":14},"end":{"line":101,"column":null}},"11":{"start":{"line":95,"column":37},"end":{"line":95,"column":null}}},"fnMap":{"0":{"name":"(anonymous_0)","decl":{"start":{"line":3,"column":26},"end":{"line":3,"column":27}},"loc":{"start":{"line":3,"column":62},"end":{"line":108,"column":null}},"line":3},"1":{"name":"(anonymous_1)","decl":{"start":{"line":5,"column":23},"end":{"line":5,"column":30}},"loc":{"start":{"line":5,"column":37},"end":{"line":15,"column":null}},"line":5},"2":{"name":"(anonymous_2)","decl":{"start":{"line":40,"column":26},"end":{"line":40,"column":27}},"loc":{"start":{"line":41,"column":14},"end":{"line":101,"column":null}},"line":41},"3":{"name":"(anonymous_3)","decl":{"start":{"line":95,"column":31},"end":{"line":95,"column":37}},"loc":{"start":{"line":95,"column":37},"end":{"line":95,"column":null}},"line":95}},"branchMap":{"0":{"loc":{"start":{"line":6,"column":4},"end":{"line":6,"column":null}},"type":"if","locations":[{"start":{"line":6,"column":4},"end":{"line":6,"column":null}},{"start":{},"end":{}}],"line":6},"1":{"loc":{"start":{"line":45,"column":27},"end":{"line":45,"column":null}},"type":"binary-expr","locations":[{"start":{"line":45,"column":27},"end":{"line":45,"column":55}},{"start":{"line":45,"column":55},"end":{"line":45,"column":null}}],"line":45},"2":{"loc":{"start":{"line":51,"column":60},"end":{"line":51,"column":81}},"type":"binary-expr","locations":[{"start":{"line":51,"column":60},"end":{"line":51,"column":77}},{"start":{"line":51,"column":77},"end":{"line":51,"column":81}}],"line":51},"3":{"loc":{"start":{"line":65,"column":24},"end":{"line":65,"column":null}},"type":"binary-expr","locations":[{"start":{"line":65,"column":24},"end":{"line":65,"column":49}},{"start":{"line":65,"column":49},"end":{"line":65,"column":null}}],"line":65},"4":{"loc":{"start":{"line":67,"column":21},"end":{"line":70,"column":null}},"type":"binary-expr","locations":[{"start":{"line":67,"column":21},"end":{"line":67,"column":null}},{"start":{"line":68,"column":22},"end":{"line":70,"column":null}}],"line":67},"5":{"loc":{"start":{"line":76,"column":50},"end":{"line":76,"column":104}},"type":"cond-expr","locations":[{"start":{"line":76,"column":72},"end":{"line":76,"column":89}},{"start":{"line":76,"column":89},"end":{"line":76,"column":104}}],"line":76},"6":{"loc":{"start":{"line":84,"column":22},"end":{"line":84,"column":null}},"type":"cond-expr","locations":[{"start":{"line":84,"column":41},"end":{"line":84,"column":73}},{"start":{"line":84,"column":73},"end":{"line":84,"column":null}}],"line":84},"7":{"loc":{"start":{"line":87,"column":21},"end":{"line":87,"column":null}},"type":"cond-expr","locations":[{"start":{"line":87,"column":40},"end":{"line":87,"column":51}},{"start":{"line":87,"column":51},"end":{"line":87,"column":null}}],"line":87}},"s":{"0":1,"1":2,"2":1,"3":0,"4":1,"5":1,"6":1,"7":0,"8":0,"9":2,"10":2,"11":1},"f":{"0":2,"1":1,"2":2,"3":1},"b":{"0":[0,1],"1":[2,0],"2":[2,0],"3":[2,0],"4":[2,2],"5":[0,2],"6":[2,0],"7":[2,0]},"meta":{"lastBranch":8,"lastFunction":4,"lastStatement":12,"seen":{"s:3:26:108:Infinity":0,"f:3:26:3:27":0,"s:5:23:15:Infinity":1,"f:5:23:5:30":1,"b:6:4:6:Infinity:undefined:undefined:undefined:undefined":0,"s:6:4:6:Infinity":2,"s:6:74:6:Infinity":3,"s:8:4:14:Infinity":4,"s:9:6:9:Infinity":5,"s:10:6:10:Infinity":6,"s:12:6:12:Infinity":7,"s:13:6:13:Infinity":8,"s:17:2:106:Infinity":9,"f:40:26:40:27":2,"s:41:14:101:Infinity":10,"b:45:27:45:55:45:55:45:Infinity":1,"b:51:60:51:77:51:77:51:81":2,"b:65:24:65:49:65:49:65:Infinity":3,"b:67:21:67:Infinity:68:22:70:Infinity":4,"b:76:72:76:89:76:89:76:104":5,"b:84:41:84:73:84:73:84:Infinity":6,"b:87:40:87:51:87:51:87:Infinity":7,"f:95:31:95:37":3,"s:95:37:95:Infinity":11}}}
,"D:\\fso\\fso\\Ecommerce\\ui\\src\\services\\categoryService.js": {"path":"D:\\fso\\fso\\Ecommerce\\ui\\src\\services\\categoryService.js","statementMap":{"0":{"start":{"line":3,"column":16},"end":{"line":3,"column":52}},"1":{"start":{"line":5,"column":12},"end":{"line":5,"column":16}},"2":{"start":{"line":7,"column":24},"end":{"line":9,"column":1}},"3":{"start":{"line":8,"column":2},"end":{"line":8,"column":30}},"4":{"start":{"line":11,"column":17},"end":{"line":11,"column":58}},"5":{"start":{"line":11,"column":23},"end":{"line":11,"column":58}},"6":{"start":{"line":13,"column":22},"end":{"line":22,"column":1}},"7":{"start":{"line":14,"column":20},"end":{"line":14,"column":51}},"8":{"start":{"line":15,"column":17},"end":{"line":19,"column":3}},"9":{"start":{"line":20,"column":19},"end":{"line":20,"column":51}},"10":{"start":{"line":21,"column":2},"end":{"line":21,"column":22}},"11":{"start":{"line":24,"column":22},"end":{"line":32,"column":1}},"12":{"start":{"line":25,"column":17},"end":{"line":29,"column":3}},"13":{"start":{"line":30,"column":19},"end":{"line":30,"column":65}},"14":{"start":{"line":31,"column":2},"end":{"line":31,"column":22}}},"fnMap":{"0":{"name":"(anonymous_0)","decl":{"start":{"line":7,"column":24},"end":{"line":7,"column":32}},"loc":{"start":{"line":7,"column":36},"end":{"line":9,"column":1}},"line":7},"1":{"name":"(anonymous_1)","decl":{"start":{"line":11,"column":17},"end":{"line":11,"column":18}},"loc":{"start":{"line":11,"column":23},"end":{"line":11,"column":58}},"line":11},"2":{"name":"(anonymous_2)","decl":{"start":{"line":13,"column":22},"end":{"line":13,"column":27}},"loc":{"start":{"line":13,"column":34},"end":{"line":22,"column":1}},"line":13},"3":{"name":"(anonymous_3)","decl":{"start":{"line":24,"column":22},"end":{"line":24,"column":27}},"loc":{"start":{"line":24,"column":45},"end":{"line":32,"column":1}},"line":24}},"branchMap":{"0":{"loc":{"start":{"line":14,"column":20},"end":{"line":14,"column":51}},"type":"binary-expr","locations":[{"start":{"line":14,"column":20},"end":{"line":14,"column":25}},{"start":{"line":14,"column":29},"end":{"line":14,"column":51}}],"line":14},"1":{"loc":{"start":{"line":27,"column":21},"end":{"line":27,"column":52}},"type":"binary-expr","locations":[{"start":{"line":27,"column":21},"end":{"line":27,"column":26}},{"start":{"line":27,"column":30},"end":{"line":27,"column":52}}],"line":27}},"s":{"0":1,"1":1,"2":1,"3":0,"4":1,"5":7,"6":1,"7":7,"8":7,"9":7,"10":0,"11":1,"12":0,"13":0,"14":0},"f":{"0":0,"1":7,"2":7,"3":0},"b":{"0":[7,7],"1":[0,0]},"meta":{"lastBranch":2,"lastFunction":4,"lastStatement":15,"seen":{"s:3:16:3:52":0,"s:5:12:5:16":1,"s:7:24:9:1":2,"f:7:24:7:32":0,"s:8:2:8:30":3,"s:11:17:11:58":4,"f:11:17:11:18":1,"s:11:23:11:58":5,"s:13:22:22:1":6,"f:13:22:13:27":2,"s:14:20:14:51":7,"b:14:20:14:25:14:29:14:51":0,"s:15:17:19:3":8,"s:20:19:20:51":9,"s:21:2:21:22":10,"s:24:22:32:1":11,"f:24:22:24:27":3,"s:25:17:29:3":12,"b:27:21:27:26:27:30:27:52":1,"s:30:19:30:65":13,"s:31:2:31:22":14}}}
}
